  main.cpp
D:\Yuxi\CG\tinyrenderer_notes-main\tinyrenderer_notes-main\03绘制三角形+平面着色\main.cpp(29,15): warning C4244: “初始化”: 从“double”转换到“int”，可能丢失数据
D:\Yuxi\CG\tinyrenderer_notes-main\tinyrenderer_notes-main\03绘制三角形+平面着色\main.cpp(196,32): warning C4244: “参数”: 从“t”转换到“t”，可能丢失数据
          with
          [
              t=int
          ]
          and
          [
              t=float
          ]
D:\Yuxi\CG\tinyrenderer_notes-main\tinyrenderer_notes-main\03绘制三角形+平面着色\main.cpp(196,19): warning C4244: “参数”: 从“t”转换到“t”，可能丢失数据
          with
          [
              t=int
          ]
          and
          [
              t=float
          ]
D:\Yuxi\CG\tinyrenderer_notes-main\tinyrenderer_notes-main\03绘制三角形+平面着色\main.cpp(197,32): warning C4244: “参数”: 从“t”转换到“t”，可能丢失数据
          with
          [
              t=int
          ]
          and
          [
              t=float
          ]
D:\Yuxi\CG\tinyrenderer_notes-main\tinyrenderer_notes-main\03绘制三角形+平面着色\main.cpp(197,19): warning C4244: “参数”: 从“t”转换到“t”，可能丢失数据
          with
          [
              t=int
          ]
          and
          [
              t=float
          ]
D:\Yuxi\CG\tinyrenderer_notes-main\tinyrenderer_notes-main\03绘制三角形+平面着色\main.cpp(198,32): warning C4244: “参数”: 从“t”转换到“t”，可能丢失数据
          with
          [
              t=int
          ]
          and
          [
              t=float
          ]
D:\Yuxi\CG\tinyrenderer_notes-main\tinyrenderer_notes-main\03绘制三角形+平面着色\main.cpp(198,19): warning C4244: “参数”: 从“t”转换到“t”，可能丢失数据
          with
          [
              t=int
          ]
          and
          [
              t=float
          ]
D:\Yuxi\CG\tinyrenderer_notes-main\tinyrenderer_notes-main\03绘制三角形+平面着色\main.cpp(244,43): warning C4244: “参数”: 从“double”转换到“float”，可能丢失数据
D:\Yuxi\CG\tinyrenderer_notes-main\tinyrenderer_notes-main\03绘制三角形+平面着色\main.cpp(244,34): warning C4244: “参数”: 从“double”转换到“float”，可能丢失数据
D:\Yuxi\CG\tinyrenderer_notes-main\tinyrenderer_notes-main\03绘制三角形+平面着色\main.cpp(270,72): warning C4244: “参数”: 从“double”转换到“t”，可能丢失数据
          with
          [
              t=int
          ]
D:\Yuxi\CG\tinyrenderer_notes-main\tinyrenderer_notes-main\03绘制三角形+平面着色\main.cpp(270,52): warning C4244: “参数”: 从“double”转换到“t”，可能丢失数据
          with
          [
              t=int
          ]
D:\Yuxi\CG\tinyrenderer_notes-main\tinyrenderer_notes-main\03绘制三角形+平面着色\main.cpp(287,137): warning C4244: “参数”: 从“float”转换到“unsigned char”，可能丢失数据
D:\Yuxi\CG\tinyrenderer_notes-main\tinyrenderer_notes-main\03绘制三角形+平面着色\main.cpp(287,122): warning C4244: “参数”: 从“float”转换到“unsigned char”，可能丢失数据
D:\Yuxi\CG\tinyrenderer_notes-main\tinyrenderer_notes-main\03绘制三角形+平面着色\main.cpp(287,107): warning C4244: “参数”: 从“float”转换到“unsigned char”，可能丢失数据
D:\Yuxi\CG\tinyrenderer_notes-main\tinyrenderer_notes-main\03绘制三角形+平面着色\geometry.h(18,75): warning C4244: “参数”: 从“float”转换到“t”，可能丢失数据
          with
          [
              t=int
          ]
D:\Yuxi\CG\tinyrenderer_notes-main\tinyrenderer_notes-main\03绘制三角形+平面着色\geometry.h(18): message : 在编译 类 模板 成员函数“Vec2<int> Vec2<int>::operator *(float) const”时
D:\Yuxi\CG\tinyrenderer_notes-main\tinyrenderer_notes-main\03绘制三角形+平面着色\main.cpp(184): message : 查看对正在编译的函数 模板 实例化“Vec2<int> Vec2<int>::operator *(float) const”的引用
D:\Yuxi\CG\tinyrenderer_notes-main\tinyrenderer_notes-main\03绘制三角形+平面着色\main.cpp(15): message : 查看对正在编译的 类 模板 实例化“Vec2<int>”的引用
D:\Yuxi\CG\tinyrenderer_notes-main\tinyrenderer_notes-main\03绘制三角形+平面着色\geometry.h(18,70): warning C4244: “参数”: 从“float”转换到“t”，可能丢失数据
          with
          [
              t=int
          ]
  Third.vcxproj -> D:\Yuxi\CG\tinyrenderer_notes-main\tinyrenderer_notes-main\03绘制三角形+平面着色\Debug\Third.exe
