  main.cpp
D:\Yuxi\CG\tinyrenderer_notes-main\tinyrenderer_notes-main\05透视投影\main.cpp(14,29): warning C4305: “参数”: 从“double”到“t”截断
          with
          [
              t=float
          ]
D:\Yuxi\CG\tinyrenderer_notes-main\tinyrenderer_notes-main\05透视投影\main.cpp(111,23): warning C4244: “初始化”: 从“double”转换到“float”，可能丢失数据
D:\Yuxi\CG\tinyrenderer_notes-main\tinyrenderer_notes-main\05透视投影\main.cpp(123,95): warning C4244: “参数”: 从“float”转换到“unsigned char”，可能丢失数据
D:\Yuxi\CG\tinyrenderer_notes-main\tinyrenderer_notes-main\05透视投影\main.cpp(123,76): warning C4244: “参数”: 从“float”转换到“unsigned char”，可能丢失数据
D:\Yuxi\CG\tinyrenderer_notes-main\tinyrenderer_notes-main\05透视投影\main.cpp(123,57): warning C4244: “参数”: 从“float”转换到“unsigned char”，可能丢失数据
D:\Yuxi\CG\tinyrenderer_notes-main\tinyrenderer_notes-main\05透视投影\main.cpp(148,32): warning C4244: “参数”: 从“t”转换到“t”，可能丢失数据
          with
          [
              t=int
          ]
          and
          [
              t=float
          ]
D:\Yuxi\CG\tinyrenderer_notes-main\tinyrenderer_notes-main\05透视投影\main.cpp(148,19): warning C4244: “参数”: 从“t”转换到“t”，可能丢失数据
          with
          [
              t=int
          ]
          and
          [
              t=float
          ]
D:\Yuxi\CG\tinyrenderer_notes-main\tinyrenderer_notes-main\05透视投影\main.cpp(149,32): warning C4244: “参数”: 从“t”转换到“t”，可能丢失数据
          with
          [
              t=int
          ]
          and
          [
              t=float
          ]
D:\Yuxi\CG\tinyrenderer_notes-main\tinyrenderer_notes-main\05透视投影\main.cpp(149,19): warning C4244: “参数”: 从“t”转换到“t”，可能丢失数据
          with
          [
              t=int
          ]
          and
          [
              t=float
          ]
D:\Yuxi\CG\tinyrenderer_notes-main\tinyrenderer_notes-main\05透视投影\main.cpp(150,32): warning C4244: “参数”: 从“t”转换到“t”，可能丢失数据
          with
          [
              t=int
          ]
          and
          [
              t=float
          ]
D:\Yuxi\CG\tinyrenderer_notes-main\tinyrenderer_notes-main\05透视投影\main.cpp(150,19): warning C4244: “参数”: 从“t”转换到“t”，可能丢失数据
          with
          [
              t=int
          ]
          and
          [
              t=float
          ]
D:\Yuxi\CG\tinyrenderer_notes-main\tinyrenderer_notes-main\05透视投影\main.cpp(198,47): warning C4244: “参数”: 从“double”转换到“float”，可能丢失数据
D:\Yuxi\CG\tinyrenderer_notes-main\tinyrenderer_notes-main\05透视投影\main.cpp(198,38): warning C4244: “参数”: 从“double”转换到“float”，可能丢失数据
D:\Yuxi\CG\tinyrenderer_notes-main\tinyrenderer_notes-main\05透视投影\main.cpp(200,29): warning C4244: “=”: 从“double”转换到“t”，可能丢失数据
          with
          [
              t=float
          ]
D:\Yuxi\CG\tinyrenderer_notes-main\tinyrenderer_notes-main\05透视投影\main.cpp(201,29): warning C4244: “=”: 从“double”转换到“t”，可能丢失数据
          with
          [
              t=float
          ]
D:\Yuxi\CG\tinyrenderer_notes-main\tinyrenderer_notes-main\05透视投影\main.cpp(214,59): warning C4244: “=”: 从“float”转换到“int”，可能丢失数据
D:\Yuxi\CG\tinyrenderer_notes-main\tinyrenderer_notes-main\05透视投影\main.cpp(217,100): warning C4244: “参数”: 从“float”转换到“unsigned char”，可能丢失数据
D:\Yuxi\CG\tinyrenderer_notes-main\tinyrenderer_notes-main\05透视投影\main.cpp(217,79): warning C4244: “参数”: 从“float”转换到“unsigned char”，可能丢失数据
D:\Yuxi\CG\tinyrenderer_notes-main\tinyrenderer_notes-main\05透视投影\main.cpp(217,58): warning C4244: “参数”: 从“float”转换到“unsigned char”，可能丢失数据
D:\Yuxi\CG\tinyrenderer_notes-main\tinyrenderer_notes-main\05透视投影\geometry.h(20,71): warning C4244: “参数”: 从“float”转换到“t”，可能丢失数据
          with
          [
              t=int
          ]
D:\Yuxi\CG\tinyrenderer_notes-main\tinyrenderer_notes-main\05透视投影\geometry.h(20): message : 在编译 类 模板 成员函数“Vec2<int> Vec2<int>::operator *(float) const”时
D:\Yuxi\CG\tinyrenderer_notes-main\tinyrenderer_notes-main\05透视投影\main.cpp(104): message : 查看对正在编译的函数 模板 实例化“Vec2<int> Vec2<int>::operator *(float) const”的引用
D:\Yuxi\CG\tinyrenderer_notes-main\tinyrenderer_notes-main\05透视投影\main.cpp(83): message : 查看对正在编译的 类 模板 实例化“Vec2<int>”的引用
D:\Yuxi\CG\tinyrenderer_notes-main\tinyrenderer_notes-main\05透视投影\geometry.h(20,66): warning C4244: “参数”: 从“float”转换到“t”，可能丢失数据
          with
          [
              t=int
          ]
  Fivth.vcxproj -> D:\Yuxi\CG\tinyrenderer_notes-main\tinyrenderer_notes-main\05透视投影\Debug\Fivth.exe
